<?xml version="1.0" encoding="UTF-8"?>
<!-- Generated by org.testng.reporters.JUnitXMLReporter -->
<testsuite ignored="2" hostname="LTIN183899" failures="0" tests="5" name="EdgeTest(failed)" time="150.63" errors="0" timestamp="2024-03-19T16:48:21 IST">
  <testcase classname="TestCases.CourseraTest2" name="homePage2" time="10.267"/>
  <testcase classname="TestCases.CourseraTest2" name="languageLearning" time="1.88"/>
  <testcase classname="TestCases.CourseraTest3" name="homePage3" time="47.015"/>
  <testcase classname="TestCases.CourseraTest3" name="courseraForBusiness" time="66.63"/>
  <testcase classname="TestCases.CourseraTest3" name="courseraForCampus" time="6.84"/>
  <testcase classname="BasePackage.BaseClass" name="@AfterTest close" time="0.0">
    <ignored/>
  </testcase> <!-- @AfterTest close -->
  <testcase classname="BasePackage.BaseClass" name="@BeforeTest create" time="0.0">
    <ignored/>
  </testcase> <!-- @BeforeTest create -->
</testsuite> <!-- EdgeTest(failed) -->
